* 0.1.0
    - first operational version of the project which supports basic annotations to serve http rest calls (using Netty)

* 0.1.1
    - support for 2 new annotations: @RequestId & @RequestPath
    - minor changes including some logging improvements

* 0.1.2
    - removing HttpRequest's responseType, detecting the httpResponse by the target method's return value
    - support for direct usages of {TextHttpResponse,BinaryHttpResponse} within HttpRequest's httpResponse

* 0.1.3
    - adding support for having multiple HttpRequestHandler implementations within one NettyHttpServer

* 0.1.4
    - adding @PreIntercept/@PostIntercept method annotations
    - support for @RequestTime parameter annotation
    - adding breakOnException for @HttpRequest,@PreIntercept,@PostIntercept
    - adding support for @ResponseStatus, @ResponseBody & @ResponseData within @PostIntercept

* 0.1.5
    - performance boost (setting worker-count for childGroup's EventLoopGroup)



* 0.2.0
    - redirect feature: with the help of {RedirectHttpResponse} entity
    - create option for setting custom HttpResponse headers
    - minor changes & improvements



* 0.3.0
    - support for @PathVariable (using jersey's URITemplate)

* 0.3.1
    - support for custom return types (other than String) for @QueryParam & @PathVariable annotations




